<?xml version="1.0" encoding="UTF-8"?>
<!-- Generated by org.testng.reporters.JUnitXMLReporter -->
<testsuite ignored="1" hostname="DESKTOP-65A7F74" failures="1" tests="1" name="Default test(failed)" time="9.326" errors="0" timestamp="18 Apr 2022 02:47:57 GMT">
  <testcase classname="sdet.tests.LoginPageTest" name="validLogoTest" time="0.115">
    <failure type="java.lang.AssertionError" message="expected [false] but found [true]">
      <![CDATA[java.lang.AssertionError: expected [false] but found [true]
at sdet.tests.LoginPageTest.validLogoTest(LoginPageTest.java:31)
... Removed 31 stack frames]]>
    </failure>
  </testcase> <!-- validLogoTest -->
  <testcase classname="sdet.tests.LoginPageTest" name="validateLoginTest" time="0.0">
    <ignored/>
  </testcase> <!-- validateLoginTest -->
</testsuite> <!-- Default test(failed) -->
