<?xml version="1.0" encoding="UTF-8"?>
<!-- Generated by org.testng.reporters.JUnitXMLReporter -->
<testsuite hostname="DESKTOP-QA7T95C" ignored="1" name="Test(failed)" tests="1" failures="1" timestamp="2022-04-14T21:46:01 IST" time="25.863" errors="0">
  <testcase name="validateLogoTest" time="0.331" classname="sdet.tests.LoginPageTest">
    <failure type="java.lang.AssertionError" message="expected [false] but found [true]">
      <![CDATA[java.lang.AssertionError: expected [false] but found [true]
at sdet.tests.LoginPageTest.validateLogoTest(LoginPageTest.java:29)
at java.util.ArrayList.forEach(Unknown Source)
... Removed 33 stack frames]]>
    </failure>
  </testcase> <!-- validateLogoTest -->
  <testcase name="validateLoginTest" time="0.0" classname="sdet.tests.LoginPageTest">
    <ignored/>
  </testcase> <!-- validateLoginTest -->
</testsuite> <!-- Test(failed) -->
